[2020-12-03T14:08:19.959] [DEBUG] cheese - login => username:admin,password:123456
[2020-12-03T14:08:19.961] [DEBUG] cheese - admin
[2020-12-03T14:08:19.982] [DEBUG] cheese - null
[2020-12-03T14:08:19.982] [DEBUG] cheese - null
[2020-12-03T14:37:10.399] [DEBUG] cheese - login => username:admin,password:123456
[2020-12-03T14:37:10.399] [DEBUG] cheese - admin
[2020-12-03T14:37:10.402] [DEBUG] cheese - null
[2020-12-03T14:37:10.402] [DEBUG] cheese - null
[2020-12-03T14:47:44.697] [DEBUG] cheese - login => username:admin,password:123456
[2020-12-03T14:47:44.698] [DEBUG] cheese - admin
[2020-12-03T14:47:44.701] [DEBUG] cheese - null
[2020-12-03T14:47:44.702] [DEBUG] cheese - null
[2020-12-03T15:45:31.938] [DEBUG] cheese - login => username:admin,password:123456
[2020-12-03T15:45:31.939] [DEBUG] cheese - admin
[2020-12-03T15:45:31.946] [DEBUG] cheese - null
[2020-12-03T15:45:31.946] [DEBUG] cheese - null
[2020-12-03T17:29:16.357] [DEBUG] cheese - login => username:admin,password:123456
[2020-12-03T17:29:16.358] [DEBUG] cheese - admin
[2020-12-03T17:29:16.363] [DEBUG] cheese - null
[2020-12-03T17:29:16.363] [DEBUG] cheese - null
[2020-12-03T18:03:04.744] [DEBUG] cheese - login => username:admin,password:123456
[2020-12-03T18:03:04.744] [DEBUG] cheese - admin
[2020-12-03T18:03:04.748] [DEBUG] cheese - null
[2020-12-03T18:03:04.748] [DEBUG] cheese - null
[2020-12-03T20:53:38.055] [DEBUG] cheese - login => username:admin,password:123456
[2020-12-03T20:53:38.057] [DEBUG] cheese - admin
[2020-12-03T20:53:38.069] [DEBUG] cheese - null
[2020-12-03T20:53:38.070] [DEBUG] cheese - null
[2020-12-03T21:59:59.614] [DEBUG] cheese - login => username:admin,password:123456
[2020-12-03T21:59:59.614] [DEBUG] cheese - admin
[2020-12-03T21:59:59.622] [DEBUG] cheese - null
[2020-12-03T21:59:59.622] [DEBUG] cheese - null
[2020-12-03T22:00:12.163] [DEBUG] cheese - login => username:admin,password:123456
[2020-12-03T22:00:12.163] [DEBUG] cheese - admin
[2020-12-03T22:00:12.164] [DEBUG] cheese - null
[2020-12-03T22:00:12.165] [DEBUG] cheese - null
[2020-12-03T22:00:21.578] [DEBUG] cheese - login => username:admin,password:123456
[2020-12-03T22:00:21.578] [DEBUG] cheese - admin
[2020-12-03T22:00:21.580] [DEBUG] cheese - null
[2020-12-03T22:00:21.580] [DEBUG] cheese - null
[2020-12-03T22:08:36.140] [DEBUG] cheese - login => username:admin,password:123456
[2020-12-03T22:08:36.140] [DEBUG] cheese - admin
[2020-12-03T22:08:36.142] [DEBUG] cheese - null
[2020-12-03T22:08:36.142] [DEBUG] cheese - null
[2020-12-03T22:14:25.763] [DEBUG] cheese - login => username:admin,password:123456
[2020-12-03T22:14:25.763] [DEBUG] cheese - admin
[2020-12-03T22:14:25.765] [DEBUG] cheese - null
[2020-12-03T22:14:25.765] [DEBUG] cheese - null
[2020-12-03T22:23:04.663] [DEBUG] cheese - login => username:admin,password:123456
[2020-12-03T22:23:04.663] [DEBUG] cheese - admin
[2020-12-03T22:23:04.665] [DEBUG] cheese - null
[2020-12-03T22:23:04.665] [DEBUG] cheese - null
[2020-12-03T22:27:08.805] [DEBUG] cheese - login => username:admin,password:123456
[2020-12-03T22:27:08.805] [DEBUG] cheese - admin
[2020-12-03T22:27:08.807] [DEBUG] cheese - null
[2020-12-03T22:27:08.807] [DEBUG] cheese - null
[2020-12-03T22:27:12.869] [DEBUG] cheese - login => username:admin,password:12345622
[2020-12-03T22:27:12.869] [DEBUG] cheese - admin
[2020-12-03T22:27:12.871] [DEBUG] cheese - null
[2020-12-03T22:27:12.871] [DEBUG] cheese - null
[2020-12-03T22:37:08.778] [DEBUG] cheese - login => username:admin,password:123456
[2020-12-03T22:37:08.778] [DEBUG] cheese - admin
[2020-12-03T22:37:08.779] [DEBUG] cheese - null
[2020-12-03T22:37:08.780] [DEBUG] cheese - null
[2020-12-03T22:37:14.075] [DEBUG] cheese - login => username:adminww,password:123456
[2020-12-03T22:37:14.075] [DEBUG] cheese - adminww
[2020-12-03T22:37:14.076] [DEBUG] cheese - null
[2020-12-03T22:37:14.077] [DEBUG] cheese - null
[2020-12-03T22:48:56.961] [DEBUG] cheese - login => username:admin,password:123456
[2020-12-03T22:48:56.961] [DEBUG] cheese - admin
[2020-12-03T22:48:56.963] [DEBUG] cheese - null
[2020-12-03T22:48:56.963] [DEBUG] cheese - null
[2020-12-03T22:50:21.841] [DEBUG] cheese - login => username:admin,password:123456
[2020-12-03T22:50:21.841] [DEBUG] cheese - admin
[2020-12-03T22:50:21.843] [DEBUG] cheese - null
[2020-12-03T22:50:21.843] [DEBUG] cheese - null
[2020-12-03T22:50:22.842] [DEBUG] cheese - login => username:admin,password:123456
[2020-12-03T22:50:22.842] [DEBUG] cheese - admin
[2020-12-03T22:50:22.845] [DEBUG] cheese - null
[2020-12-03T22:50:22.845] [DEBUG] cheese - null
[2020-12-03T22:50:23.577] [DEBUG] cheese - login => username:admin,password:123456
[2020-12-03T22:50:23.577] [DEBUG] cheese - admin
[2020-12-03T22:50:23.578] [DEBUG] cheese - null
[2020-12-03T22:50:23.578] [DEBUG] cheese - null
[2020-12-03T22:52:33.512] [DEBUG] cheese - login => username:admin,password:123456
[2020-12-03T22:52:33.512] [DEBUG] cheese - admin
[2020-12-03T22:52:33.514] [DEBUG] cheese - null
[2020-12-03T22:52:33.514] [DEBUG] cheese - null
[2020-12-03T23:08:54.614] [DEBUG] cheese - login => username:admin,password:123456
[2020-12-03T23:08:54.614] [DEBUG] cheese - admin
[2020-12-03T23:08:54.615] [DEBUG] cheese - null
[2020-12-03T23:08:54.616] [DEBUG] cheese - null
[2020-12-03T23:11:29.359] [DEBUG] cheese - login => username:admin,password:123456
[2020-12-03T23:11:29.359] [DEBUG] cheese - admin
[2020-12-03T23:11:29.362] [DEBUG] cheese - null
[2020-12-03T23:11:29.362] [DEBUG] cheese - null
[2020-12-03T23:13:04.454] [DEBUG] cheese - login => username:admin,password:123456
[2020-12-03T23:13:04.455] [DEBUG] cheese - admin
[2020-12-03T23:13:04.456] [DEBUG] cheese - null
[2020-12-03T23:13:04.456] [DEBUG] cheese - null
[2020-12-03T23:13:07.704] [DEBUG] cheese - login => username:admin,password:123456
[2020-12-03T23:13:07.704] [DEBUG] cheese - admin
[2020-12-03T23:13:07.706] [DEBUG] cheese - null
[2020-12-03T23:13:07.706] [DEBUG] cheese - null
[2020-12-03T23:17:30.940] [DEBUG] cheese - login => username:admin,password:123456
[2020-12-03T23:17:30.940] [DEBUG] cheese - admin
[2020-12-03T23:17:30.941] [DEBUG] cheese - null
[2020-12-03T23:17:30.941] [DEBUG] cheese - null
[2020-12-03T23:24:11.885] [DEBUG] cheese - login => username:admin,password:123456
[2020-12-03T23:24:11.886] [DEBUG] cheese - admin
[2020-12-03T23:24:11.888] [DEBUG] cheese - null
[2020-12-03T23:24:11.888] [DEBUG] cheese - null
[2020-12-03T23:41:05.956] [DEBUG] cheese - login => username:admin,password:123456
[2020-12-03T23:41:05.957] [DEBUG] cheese - admin
[2020-12-03T23:41:05.958] [DEBUG] cheese - null
[2020-12-03T23:41:05.958] [DEBUG] cheese - null
[2020-12-03T23:42:14.651] [DEBUG] cheese - login => username:admin,password:123456
[2020-12-03T23:42:14.652] [DEBUG] cheese - admin
[2020-12-03T23:42:14.654] [DEBUG] cheese - null
[2020-12-03T23:42:14.654] [DEBUG] cheese - null
[2020-12-03T23:42:20.244] [DEBUG] cheese - login => username:admin,password:123456
[2020-12-03T23:42:20.244] [DEBUG] cheese - admin
[2020-12-03T23:42:20.246] [DEBUG] cheese - null
[2020-12-03T23:42:20.246] [DEBUG] cheese - null
[2020-12-03T23:55:31.955] [DEBUG] cheese - login => username:admin,password:123456
[2020-12-03T23:55:31.955] [DEBUG] cheese - admin
[2020-12-03T23:55:31.957] [DEBUG] cheese - null
[2020-12-03T23:55:31.957] [DEBUG] cheese - null
[2020-12-03T23:55:40.813] [DEBUG] cheese - login => username:admin,password:123456
[2020-12-03T23:55:40.813] [DEBUG] cheese - admin
[2020-12-03T23:55:40.815] [DEBUG] cheese - null
[2020-12-03T23:55:40.815] [DEBUG] cheese - null
[2020-12-03T23:55:58.010] [DEBUG] cheese - login => username:admin,password:123456
[2020-12-03T23:55:58.010] [DEBUG] cheese - admin
[2020-12-03T23:55:58.013] [DEBUG] cheese - null
[2020-12-03T23:55:58.013] [DEBUG] cheese - null
[2020-12-04T09:20:35.819] [DEBUG] cheese - login => username:admin,password:123456
[2020-12-04T09:20:35.820] [DEBUG] cheese - admin
[2020-12-04T09:20:35.832] [DEBUG] cheese - null
[2020-12-04T09:20:35.832] [DEBUG] cheese - null
[2020-12-04T09:20:50.563] [DEBUG] cheese - login => username:admin,password:123456
[2020-12-04T09:20:50.563] [DEBUG] cheese - admin
[2020-12-04T09:20:50.565] [DEBUG] cheese - null
[2020-12-04T09:20:50.565] [DEBUG] cheese - null
[2020-12-04T09:28:32.241] [DEBUG] cheese - login => username:admin,password:123456
[2020-12-04T09:28:32.241] [DEBUG] cheese - admin
[2020-12-04T09:28:32.243] [DEBUG] cheese - null
[2020-12-04T09:28:32.243] [DEBUG] cheese - null
[2020-12-04T09:28:34.334] [DEBUG] cheese - login => username:admin,password:123456
[2020-12-04T09:28:34.334] [DEBUG] cheese - admin
[2020-12-04T09:28:34.335] [DEBUG] cheese - null
[2020-12-04T09:28:34.335] [DEBUG] cheese - null
[2020-12-04T09:31:41.273] [DEBUG] cheese - login => username:admin,password:123456
[2020-12-04T09:31:41.273] [DEBUG] cheese - admin
[2020-12-04T09:31:41.275] [DEBUG] cheese - null
[2020-12-04T09:31:41.275] [DEBUG] cheese - null
[2020-12-04T09:33:08.536] [DEBUG] cheese - login => username:admin,password:123456
[2020-12-04T09:33:08.536] [DEBUG] cheese - admin
[2020-12-04T09:33:08.537] [DEBUG] cheese - null
[2020-12-04T09:33:08.537] [DEBUG] cheese - null
[2020-12-04T09:43:47.485] [DEBUG] cheese - login => username:admin,password:123456
[2020-12-04T09:43:47.485] [DEBUG] cheese - admin
[2020-12-04T09:43:47.487] [DEBUG] cheese - null
[2020-12-04T09:43:47.487] [DEBUG] cheese - null
[2020-12-04T09:53:22.388] [DEBUG] cheese - login => username:admin,password:123456
[2020-12-04T09:53:22.388] [DEBUG] cheese - admin
[2020-12-04T09:53:22.390] [DEBUG] cheese - null
[2020-12-04T09:53:22.390] [DEBUG] cheese - null
[2020-12-04T09:54:10.228] [DEBUG] cheese - login => username:admin,password:123456
[2020-12-04T09:54:10.228] [DEBUG] cheese - admin
[2020-12-04T09:54:10.230] [DEBUG] cheese - null
[2020-12-04T09:54:10.230] [DEBUG] cheese - null
[2020-12-04T10:06:40.791] [DEBUG] cheese - login => username:admin,password:123456
[2020-12-04T10:06:40.791] [DEBUG] cheese - admin
[2020-12-04T10:06:40.793] [DEBUG] cheese - null
[2020-12-04T10:06:40.793] [DEBUG] cheese - null
[2020-12-04T11:12:35.227] [DEBUG] cheese - login => username:admin,password:123456
[2020-12-04T11:12:35.227] [DEBUG] cheese - admin
[2020-12-04T11:12:35.230] [DEBUG] cheese - null
[2020-12-04T11:12:35.230] [DEBUG] cheese - null
[2020-12-04T11:12:40.728] [DEBUG] cheese - login => username:adminwww,password:123456
[2020-12-04T11:12:40.728] [DEBUG] cheese - adminwww
[2020-12-04T11:12:40.730] [DEBUG] cheese - null
[2020-12-04T11:12:40.730] [DEBUG] cheese - null
[2020-12-04T11:12:43.456] [DEBUG] cheese - login => username:admin,password:123456
[2020-12-04T11:12:43.456] [DEBUG] cheese - admin
[2020-12-04T11:12:43.457] [DEBUG] cheese - null
[2020-12-04T11:12:43.458] [DEBUG] cheese - null
[2020-12-04T11:12:49.124] [DEBUG] cheese - login => username:admin,password:123456
[2020-12-04T11:12:49.124] [DEBUG] cheese - admin
[2020-12-04T11:12:49.125] [DEBUG] cheese - null
[2020-12-04T11:12:49.126] [DEBUG] cheese - null
[2020-12-04T11:13:04.802] [DEBUG] cheese - login => username:admin,password:123456
[2020-12-04T11:13:04.802] [DEBUG] cheese - admin
[2020-12-04T11:13:04.804] [DEBUG] cheese - null
[2020-12-04T11:13:04.804] [DEBUG] cheese - null
[2020-12-04T11:19:53.569] [DEBUG] cheese - login => username:admin,password:123456
[2020-12-04T11:19:53.569] [DEBUG] cheese - admin
[2020-12-04T11:19:53.571] [DEBUG] cheese - null
[2020-12-04T11:19:53.571] [DEBUG] cheese - null
[2020-12-04T11:20:34.399] [DEBUG] cheese - login => username:admin,password:123456
[2020-12-04T11:20:34.399] [DEBUG] cheese - admin
[2020-12-04T11:20:34.401] [DEBUG] cheese - null
[2020-12-04T11:20:34.401] [DEBUG] cheese - null
[2020-12-04T11:38:35.688] [DEBUG] cheese - login => username:admin,password:123456
[2020-12-04T11:38:35.688] [DEBUG] cheese - admin
[2020-12-04T11:38:35.690] [DEBUG] cheese - null
[2020-12-04T11:38:35.690] [DEBUG] cheese - null
[2020-12-04T11:44:34.530] [DEBUG] cheese - login => username:admin,password:123456
[2020-12-04T11:44:34.531] [DEBUG] cheese - admin
[2020-12-04T11:44:34.533] [DEBUG] cheese - null
[2020-12-04T11:44:34.533] [DEBUG] cheese - null
[2020-12-04T11:45:12.874] [DEBUG] cheese - login => username:admin,password:123456
[2020-12-04T11:45:12.874] [DEBUG] cheese - admin
[2020-12-04T11:45:12.876] [DEBUG] cheese - null
[2020-12-04T11:45:12.876] [DEBUG] cheese - null
[2020-12-04T11:57:27.932] [DEBUG] cheese - login => username:admin,password:123456
[2020-12-04T11:57:27.932] [DEBUG] cheese - admin
[2020-12-04T11:57:27.935] [DEBUG] cheese - null
[2020-12-04T11:57:27.935] [DEBUG] cheese - null
[2020-12-04T12:02:24.597] [DEBUG] cheese - login => username:admin,password:123456
[2020-12-04T12:02:24.597] [DEBUG] cheese - admin
[2020-12-04T12:02:24.599] [DEBUG] cheese - null
[2020-12-04T12:02:24.600] [DEBUG] cheese - null
[2020-12-04T12:24:13.403] [DEBUG] cheese - login => username:admin,password:123456
[2020-12-04T12:24:13.403] [DEBUG] cheese - admin
[2020-12-04T12:24:13.405] [DEBUG] cheese - null
[2020-12-04T12:24:13.405] [DEBUG] cheese - null
[2020-12-04T12:29:39.253] [DEBUG] cheese - login => username:admin,password:123456
[2020-12-04T12:29:39.253] [DEBUG] cheese - admin
[2020-12-04T12:29:39.255] [DEBUG] cheese - null
[2020-12-04T12:29:39.255] [DEBUG] cheese - null
[2020-12-04T12:29:44.287] [DEBUG] cheese - login => username:admin,password:123456
[2020-12-04T12:29:44.287] [DEBUG] cheese - admin
[2020-12-04T12:29:44.291] [DEBUG] cheese - null
[2020-12-04T12:29:44.291] [DEBUG] cheese - null
[2020-12-04T12:38:10.643] [DEBUG] cheese - login => username:admin,password:123456
[2020-12-04T12:38:10.643] [DEBUG] cheese - admin
[2020-12-04T12:38:10.645] [DEBUG] cheese - null
[2020-12-04T12:38:10.645] [DEBUG] cheese - null
[2020-12-04T14:23:08.210] [DEBUG] cheese - login => username:admin,password:123456
[2020-12-04T14:23:08.210] [DEBUG] cheese - admin
[2020-12-04T14:23:08.211] [DEBUG] cheese - null
[2020-12-04T14:23:08.211] [DEBUG] cheese - null
[2020-12-04T14:39:05.096] [DEBUG] cheese - login => username:admin,password:123456
[2020-12-04T14:39:05.096] [DEBUG] cheese - admin
[2020-12-04T14:39:05.099] [DEBUG] cheese - null
[2020-12-04T14:39:05.100] [DEBUG] cheese - null
[2020-12-04T14:39:31.024] [DEBUG] cheese - login => username:admin,password:123456
[2020-12-04T14:39:31.025] [DEBUG] cheese - admin
[2020-12-04T14:39:31.026] [DEBUG] cheese - null
[2020-12-04T14:39:31.026] [DEBUG] cheese - null
[2020-12-04T14:40:47.144] [DEBUG] cheese - login => username:admin,password:123456
[2020-12-04T14:40:47.144] [DEBUG] cheese - admin
[2020-12-04T14:40:47.146] [DEBUG] cheese - null
[2020-12-04T14:40:47.146] [DEBUG] cheese - null
[2020-12-04T14:42:58.512] [DEBUG] cheese - login => username:admin,password:123456
[2020-12-04T14:42:58.512] [DEBUG] cheese - admin
[2020-12-04T14:42:58.513] [DEBUG] cheese - null
[2020-12-04T14:42:58.513] [DEBUG] cheese - null
[2020-12-04T14:45:13.649] [DEBUG] cheese - login => username:admin,password:123456
[2020-12-04T14:45:13.649] [DEBUG] cheese - admin
[2020-12-04T14:45:13.651] [DEBUG] cheese - null
[2020-12-04T14:45:13.651] [DEBUG] cheese - null
[2020-12-04T14:51:55.179] [DEBUG] cheese - login => username:admin,password:123456
[2020-12-04T14:51:55.179] [DEBUG] cheese - admin
[2020-12-04T14:51:55.180] [DEBUG] cheese - null
[2020-12-04T14:51:55.180] [DEBUG] cheese - null
[2020-12-04T15:08:03.335] [DEBUG] cheese - login => username:admin,password:123456
[2020-12-04T15:08:03.335] [DEBUG] cheese - admin
[2020-12-04T15:08:03.338] [DEBUG] cheese - null
[2020-12-04T15:08:03.338] [DEBUG] cheese - null
[2020-12-04T15:08:34.934] [DEBUG] cheese - login => username:admin,password:123456
[2020-12-04T15:08:34.934] [DEBUG] cheese - admin
[2020-12-04T15:08:34.935] [DEBUG] cheese - null
[2020-12-04T15:08:34.936] [DEBUG] cheese - null
[2020-12-04T15:08:41.532] [DEBUG] cheese - login => username:admin,password:123456
[2020-12-04T15:08:41.532] [DEBUG] cheese - admin
[2020-12-04T15:08:41.534] [DEBUG] cheese - null
[2020-12-04T15:08:41.534] [DEBUG] cheese - null
[2020-12-04T15:11:32.029] [DEBUG] cheese - login => username:admin,password:123456
[2020-12-04T15:11:32.029] [DEBUG] cheese - admin
[2020-12-04T15:11:32.030] [DEBUG] cheese - null
[2020-12-04T15:11:32.031] [DEBUG] cheese - null
[2020-12-04T15:14:48.814] [DEBUG] cheese - login => username:admin,password:123456
[2020-12-04T15:14:48.814] [DEBUG] cheese - admin
[2020-12-04T15:14:48.815] [DEBUG] cheese - null
[2020-12-04T15:14:48.815] [DEBUG] cheese - null
[2020-12-04T15:21:12.864] [DEBUG] cheese - login => username:admin,password:123456
[2020-12-04T15:21:12.864] [DEBUG] cheese - admin
[2020-12-04T15:21:12.866] [DEBUG] cheese - null
[2020-12-04T15:21:12.866] [DEBUG] cheese - null
[2020-12-04T15:25:29.397] [DEBUG] cheese - login => username:admin,password:123456
[2020-12-04T15:25:29.397] [DEBUG] cheese - admin
[2020-12-04T15:25:29.399] [DEBUG] cheese - null
[2020-12-04T15:25:29.399] [DEBUG] cheese - null
[2020-12-04T15:35:46.829] [DEBUG] cheese - login => username:admin,password:123456
[2020-12-04T15:35:46.829] [DEBUG] cheese - admin
[2020-12-04T15:35:46.831] [DEBUG] cheese - null
[2020-12-04T15:35:46.831] [DEBUG] cheese - null
[2020-12-04T15:58:54.566] [DEBUG] cheese - login => username:admin,password:123456
[2020-12-04T15:58:54.566] [DEBUG] cheese - admin
[2020-12-04T15:58:54.568] [DEBUG] cheese - null
[2020-12-04T15:58:54.568] [DEBUG] cheese - null
[2020-12-04T16:17:57.582] [DEBUG] cheese - login => username:admin,password:123456
[2020-12-04T16:17:57.583] [DEBUG] cheese - admin
[2020-12-04T16:17:57.585] [DEBUG] cheese - null
[2020-12-04T16:17:57.585] [DEBUG] cheese - null
[2020-12-04T16:19:12.719] [DEBUG] cheese - login => username:admin,password:123456
[2020-12-04T16:19:12.719] [DEBUG] cheese - admin
[2020-12-04T16:19:12.720] [DEBUG] cheese - null
[2020-12-04T16:19:12.720] [DEBUG] cheese - null
[2020-12-04T16:27:47.781] [DEBUG] cheese - login => username:admin,password:123456
[2020-12-04T16:27:47.781] [DEBUG] cheese - admin
[2020-12-04T16:27:47.784] [DEBUG] cheese - null
[2020-12-04T16:27:47.784] [DEBUG] cheese - null
[2020-12-04T16:39:43.025] [DEBUG] cheese - login => username:admin,password:123456
[2020-12-04T16:39:43.025] [DEBUG] cheese - admin
[2020-12-04T16:39:43.027] [DEBUG] cheese - null
[2020-12-04T16:39:43.027] [DEBUG] cheese - null
[2020-12-04T17:32:24.667] [DEBUG] cheese - login => username:admin,password:123456
[2020-12-04T17:32:24.668] [DEBUG] cheese - admin
[2020-12-04T17:32:24.670] [DEBUG] cheese - null
[2020-12-04T17:32:24.670] [DEBUG] cheese - null
[2020-12-04T17:53:32.219] [DEBUG] cheese - login => username:admin,password:123456
[2020-12-04T17:53:32.219] [DEBUG] cheese - admin
[2020-12-04T17:53:32.221] [DEBUG] cheese - null
[2020-12-04T17:53:32.221] [DEBUG] cheese - null
[2020-12-04T17:54:24.456] [DEBUG] cheese - login => username:admin,password:123456
[2020-12-04T17:54:24.456] [DEBUG] cheese - admin
[2020-12-04T17:54:24.458] [DEBUG] cheese - null
[2020-12-04T17:54:24.458] [DEBUG] cheese - null
[2020-12-05T12:14:43.791] [DEBUG] cheese - login => username:admin,password:123456
[2020-12-05T12:14:43.792] [DEBUG] cheese - admin
[2020-12-05T12:14:43.804] [DEBUG] cheese - null
[2020-12-05T12:14:43.804] [DEBUG] cheese - null
[2020-12-05T12:17:07.608] [DEBUG] cheese - login => username:admin,password:123456
[2020-12-05T12:17:07.608] [DEBUG] cheese - admin
[2020-12-05T12:17:07.610] [DEBUG] cheese - null
[2020-12-05T12:17:07.610] [DEBUG] cheese - null
[2020-12-05T12:19:10.623] [DEBUG] cheese - login => username:admin,password:123456
[2020-12-05T12:19:10.623] [DEBUG] cheese - admin
[2020-12-05T12:19:10.625] [DEBUG] cheese - null
[2020-12-05T12:19:10.625] [DEBUG] cheese - null
[2020-12-05T14:09:01.991] [DEBUG] cheese - login => username:admin,password:123456
[2020-12-05T14:09:01.991] [DEBUG] cheese - admin
[2020-12-05T14:09:01.993] [DEBUG] cheese - null
[2020-12-05T14:09:01.993] [DEBUG] cheese - null
[2020-12-05T14:23:42.005] [DEBUG] cheese - login => username:admin,password:123456
[2020-12-05T14:23:42.006] [DEBUG] cheese - admin
[2020-12-05T14:23:42.007] [DEBUG] cheese - null
[2020-12-05T14:23:42.007] [DEBUG] cheese - null
[2020-12-05T14:52:25.300] [DEBUG] cheese - login => username:admin,password:123456
[2020-12-05T14:52:25.300] [DEBUG] cheese - admin
[2020-12-05T14:52:25.301] [DEBUG] cheese - null
[2020-12-05T14:52:25.302] [DEBUG] cheese - null
[2020-12-05T15:10:40.380] [DEBUG] cheese - login => username:admin,password:123456
[2020-12-05T15:10:40.380] [DEBUG] cheese - admin
[2020-12-05T15:10:40.382] [DEBUG] cheese - null
[2020-12-05T15:10:40.382] [DEBUG] cheese - null
[2020-12-05T16:18:25.961] [DEBUG] cheese - login => username:admin,password:123456
[2020-12-05T16:18:25.962] [DEBUG] cheese - admin
[2020-12-05T16:18:25.963] [DEBUG] cheese - null
[2020-12-05T16:18:25.963] [DEBUG] cheese - null
[2020-12-05T18:54:48.815] [DEBUG] cheese - login => username:admin,password:123456
[2020-12-05T18:54:48.815] [DEBUG] cheese - admin
[2020-12-05T18:54:48.817] [DEBUG] cheese - null
[2020-12-05T18:54:48.817] [DEBUG] cheese - null
[2020-12-05T19:07:38.928] [DEBUG] cheese - login => username:admin,password:12345
[2020-12-05T19:07:38.928] [DEBUG] cheese - admin
[2020-12-05T19:07:38.929] [DEBUG] cheese - null
[2020-12-05T19:07:38.929] [DEBUG] cheese - null
[2020-12-05T19:07:42.499] [DEBUG] cheese - login => username:admin,password:123456
[2020-12-05T19:07:42.499] [DEBUG] cheese - admin
[2020-12-05T19:07:42.500] [DEBUG] cheese - null
[2020-12-05T19:07:42.500] [DEBUG] cheese - null
[2020-12-05T19:08:04.618] [DEBUG] cheese - login => username:asdf,password:123
[2020-12-05T19:08:04.618] [DEBUG] cheese - asdf
[2020-12-05T19:08:04.619] [DEBUG] cheese - null
[2020-12-05T19:08:04.619] [DEBUG] cheese - null
[2020-12-05T19:08:39.337] [DEBUG] cheese - login => username:admin,password:123456
[2020-12-05T19:08:39.337] [DEBUG] cheese - admin
[2020-12-05T19:08:39.339] [DEBUG] cheese - null
[2020-12-05T19:08:39.339] [DEBUG] cheese - null
[2020-12-05T21:33:52.652] [DEBUG] cheese - login => username:admin,password:123456
[2020-12-05T21:33:52.652] [DEBUG] cheese - admin
[2020-12-05T21:33:52.654] [DEBUG] cheese - null
[2020-12-05T21:33:52.654] [DEBUG] cheese - null
[2020-12-06T13:17:04.877] [DEBUG] cheese - login => username:admin,password:123456
[2020-12-06T13:17:04.878] [DEBUG] cheese - admin
[2020-12-06T13:17:04.891] [DEBUG] cheese - null
[2020-12-06T13:17:04.892] [DEBUG] cheese - null
[2020-12-07T00:18:43.713] [DEBUG] cheese - login => username:admin,password:123456
[2020-12-07T00:18:43.714] [DEBUG] cheese - admin
[2020-12-07T00:18:43.721] [DEBUG] cheese - null
[2020-12-07T00:18:43.722] [DEBUG] cheese - null
